node:internal/modules/cjs/loader:1210
  throw err;
  ^

Error: Cannot find module '.prisma/client/default'
Require stack:
- /Users/Gerard.Cizer/Documents/ContactKeeper/node_modules/@prisma/client/default.js
- /Users/Gerard.Cizer/Documents/ContactKeeper/server.js
    at Module._resolveFilename (node:internal/modules/cjs/loader:1207:15)
    at Module._load (node:internal/modules/cjs/loader:1038:27)
    at Module.require (node:internal/modules/cjs/loader:1289:19)
    at require (node:internal/modules/helpers:182:18)
    at Object.<anonymous> (/Users/Gerard.Cizer/Documents/ContactKeeper/node_modules/@prisma/client/default.js:2:6)
    at Module._compile (node:internal/modules/cjs/loader:1521:14)
    at Module._extensions..js (node:internal/modules/cjs/loader:1623:10)
    at Module.load (node:internal/modules/cjs/loader:1266:32)
    at Module._load (node:internal/modules/cjs/loader:1091:12)
    at Module.require (node:internal/modules/cjs/loader:1289:19) {
  code: 'MODULE_NOT_FOUND',
  requireStack: [
    '/Users/Gerard.Cizer/Documents/ContactKeeper/node_modules/@prisma/client/default.js',
    '/Users/Gerard.Cizer/Documents/ContactKeeper/server.js'
  ]
}

Node.js v20.19.6
